<?xml version="1.0" encoding="UTF-8"?>
<testng-results skipped="0" failed="1" total="5" passed="4">
  <reporter-output>
  </reporter-output>
  <suite name="Suite" duration-ms="22170" started-at="2018-02-18T13:34:58Z" finished-at="2018-02-18T13:35:20Z">
    <groups>
    </groups>
    <test name="Assesment1" duration-ms="22170" started-at="2018-02-18T13:34:58Z" finished-at="2018-02-18T13:35:20Z">
      <class name="com.Assesment1.TestScenarios.Scenario2_VerifyTabFunction">
        <test-method status="PASS" signature="getBrowser()[pri:0, instance:com.Assesment1.TestScenarios.Scenario2_VerifyTabFunction@566776ad]" name="getBrowser" is-config="true" duration-ms="2961" started-at="2018-02-18T19:04:58Z" finished-at="2018-02-18T19:05:01Z">
          <reporter-output>
          </reporter-output>
        </test-method> <!-- getBrowser -->
        <test-method status="PASS" signature="Scenario2()[pri:0, instance:com.Assesment1.TestScenarios.Scenario2_VerifyTabFunction@566776ad]" name="Scenario2" duration-ms="17511" started-at="2018-02-18T19:05:01Z" finished-at="2018-02-18T19:05:18Z">
          <reporter-output>
          </reporter-output>
        </test-method> <!-- Scenario2 -->
        <test-method status="PASS" signature="tearDown()[pri:0, instance:com.Assesment1.TestScenarios.Scenario2_VerifyTabFunction@566776ad]" name="tearDown" is-config="true" duration-ms="144" started-at="2018-02-18T19:05:18Z" finished-at="2018-02-18T19:05:19Z">
          <reporter-output>
          </reporter-output>
        </test-method> <!-- tearDown -->
      </class> <!-- com.Assesment1.TestScenarios.Scenario2_VerifyTabFunction -->
      <class name="com.Assesment1.TestScenarios.Scenario5_VerifyProductDetails">
        <test-method status="PASS" signature="getBrowser()[pri:0, instance:com.Assesment1.TestScenarios.Scenario5_VerifyProductDetails@6bf256fa]" name="getBrowser" is-config="true" duration-ms="2620" started-at="2018-02-18T19:04:58Z" finished-at="2018-02-18T19:05:01Z">
          <reporter-output>
          </reporter-output>
        </test-method> <!-- getBrowser -->
        <test-method status="PASS" signature="Scenario5()[pri:0, instance:com.Assesment1.TestScenarios.Scenario5_VerifyProductDetails@6bf256fa]" name="Scenario5" duration-ms="12783" started-at="2018-02-18T19:05:01Z" finished-at="2018-02-18T19:05:13Z">
          <reporter-output>
          </reporter-output>
        </test-method> <!-- Scenario5 -->
        <test-method status="PASS" signature="tearDown()[pri:0, instance:com.Assesment1.TestScenarios.Scenario5_VerifyProductDetails@6bf256fa]" name="tearDown" is-config="true" duration-ms="174" started-at="2018-02-18T19:05:13Z" finished-at="2018-02-18T19:05:14Z">
          <reporter-output>
          </reporter-output>
        </test-method> <!-- tearDown -->
      </class> <!-- com.Assesment1.TestScenarios.Scenario5_VerifyProductDetails -->
      <class name="com.Assesment1.TestScenarios.Scenario1_OpenFilter">
        <test-method status="PASS" signature="getBrowser()[pri:0, instance:com.Assesment1.TestScenarios.Scenario1_OpenFilter@71be98f5]" name="getBrowser" is-config="true" duration-ms="2615" started-at="2018-02-18T19:04:58Z" finished-at="2018-02-18T19:05:01Z">
          <reporter-output>
          </reporter-output>
        </test-method> <!-- getBrowser -->
        <test-method status="PASS" signature="Scenario1()[pri:0, instance:com.Assesment1.TestScenarios.Scenario1_OpenFilter@71be98f5]" name="Scenario1" duration-ms="19398" started-at="2018-02-18T19:05:01Z" finished-at="2018-02-18T19:05:20Z">
          <reporter-output>
          </reporter-output>
        </test-method> <!-- Scenario1 -->
        <test-method status="PASS" signature="tearDown()[pri:0, instance:com.Assesment1.TestScenarios.Scenario1_OpenFilter@71be98f5]" name="tearDown" is-config="true" duration-ms="140" started-at="2018-02-18T19:05:20Z" finished-at="2018-02-18T19:05:20Z">
          <reporter-output>
          </reporter-output>
        </test-method> <!-- tearDown -->
      </class> <!-- com.Assesment1.TestScenarios.Scenario1_OpenFilter -->
      <class name="com.Assesment1.TestScenarios.Scenario3_VerifyFilters">
        <test-method status="PASS" signature="getBrowser()[pri:0, instance:com.Assesment1.TestScenarios.Scenario3_VerifyFilters@6108b2d7]" name="getBrowser" is-config="true" duration-ms="2718" started-at="2018-02-18T19:04:58Z" finished-at="2018-02-18T19:05:01Z">
          <reporter-output>
          </reporter-output>
        </test-method> <!-- getBrowser -->
        <test-method status="FAIL" signature="Scenario3()[pri:0, instance:com.Assesment1.TestScenarios.Scenario3_VerifyFilters@6108b2d7]" name="Scenario3" duration-ms="17367" started-at="2018-02-18T19:05:01Z" finished-at="2018-02-18T19:05:18Z">
          <exception class="java.lang.AssertionError">
            <message>
              <![CDATA[Test Scenario failed at Step -->' User verifies all the Poducts for keyword 'bikerJack'  '. Error is: java.lang.Exception: Following Products are present on the page without keyword 'bikerJack' : [ARMA Isabella leren jack met doorgestikte details en inzet van jersey, ARMA Lamb Caprito Tarina jas van lamsleer met kabelgebreide kraag]]]>
            </message>
            <full-stacktrace>
              <![CDATA[java.lang.AssertionError: Test Scenario failed at Step -->' User verifies all the Poducts for keyword 'bikerJack'  '. Error is: java.lang.Exception: Following Products are present on the page without keyword 'bikerJack' : [ARMA Isabella leren jack met doorgestikte details en inzet van jersey, ARMA Lamb Caprito Tarina jas van lamsleer met kabelgebreide kraag]
	at org.testng.Assert.fail(Assert.java:94)
	at com.Assesment1.TestScenarios.Scenario3_VerifyFilters.Scenario3(Scenario3_VerifyFilters.java:119)
	at sun.reflect.NativeMethodAccessorImpl.invoke0(Native Method)
	at sun.reflect.NativeMethodAccessorImpl.invoke(NativeMethodAccessorImpl.java:62)
	at sun.reflect.DelegatingMethodAccessorImpl.invoke(DelegatingMethodAccessorImpl.java:43)
	at java.lang.reflect.Method.invoke(Method.java:498)
	at org.testng.internal.MethodInvocationHelper.invokeMethod(MethodInvocationHelper.java:85)
	at org.testng.internal.Invoker.invokeMethod(Invoker.java:663)
	at org.testng.internal.Invoker.invokeTestMethod(Invoker.java:849)
	at org.testng.internal.Invoker.invokeTestMethods(Invoker.java:1157)
	at org.testng.internal.TestMethodWorker.invokeTestMethods(TestMethodWorker.java:124)
	at org.testng.internal.TestMethodWorker.run(TestMethodWorker.java:108)
	at java.util.concurrent.ThreadPoolExecutor.runWorker(ThreadPoolExecutor.java:1149)
	at java.util.concurrent.ThreadPoolExecutor$Worker.run(ThreadPoolExecutor.java:624)
	at java.lang.Thread.run(Thread.java:748)
]]>
            </full-stacktrace>
          </exception> <!-- java.lang.AssertionError -->
          <reporter-output>
          </reporter-output>
        </test-method> <!-- Scenario3 -->
        <test-method status="PASS" signature="tearDown()[pri:0, instance:com.Assesment1.TestScenarios.Scenario3_VerifyFilters@6108b2d7]" name="tearDown" is-config="true" duration-ms="148" started-at="2018-02-18T19:05:18Z" finished-at="2018-02-18T19:05:18Z">
          <reporter-output>
          </reporter-output>
        </test-method> <!-- tearDown -->
      </class> <!-- com.Assesment1.TestScenarios.Scenario3_VerifyFilters -->
      <class name="com.Assesment1.TestScenarios.Scenario4_VerifyMoreProduct">
        <test-method status="PASS" signature="getBrowser()[pri:0, instance:com.Assesment1.TestScenarios.Scenario4_VerifyMoreProduct@1554909b]" name="getBrowser" is-config="true" duration-ms="3220" started-at="2018-02-18T19:04:58Z" finished-at="2018-02-18T19:05:01Z">
          <reporter-output>
          </reporter-output>
        </test-method> <!-- getBrowser -->
        <test-method status="PASS" signature="Scenario4()[pri:0, instance:com.Assesment1.TestScenarios.Scenario4_VerifyMoreProduct@1554909b]" name="Scenario4" duration-ms="11019" started-at="2018-02-18T19:05:01Z" finished-at="2018-02-18T19:05:12Z">
          <reporter-output>
          </reporter-output>
        </test-method> <!-- Scenario4 -->
        <test-method status="PASS" signature="tearDown()[pri:0, instance:com.Assesment1.TestScenarios.Scenario4_VerifyMoreProduct@1554909b]" name="tearDown" is-config="true" duration-ms="282" started-at="2018-02-18T19:05:12Z" finished-at="2018-02-18T19:05:13Z">
          <reporter-output>
          </reporter-output>
        </test-method> <!-- tearDown -->
      </class> <!-- com.Assesment1.TestScenarios.Scenario4_VerifyMoreProduct -->
    </test> <!-- Assesment1 -->
  </suite> <!-- Suite -->
</testng-results>
