<?xml version="1.0" encoding="UTF-8"?>
<!-- Generated by org.testng.reporters.JUnitReportReporter -->
<testsuite hostname="Ishan-Macs-MacBook-Pro.local" name="com.Assesment1.TestScenarios.Scenario3_VerifyFilters" tests="1" failures="1" timestamp="18 Feb 2018 13:35:20 GMT" time="17.367" errors="0">
  <testcase name="Scenario3" time="17.367" classname="com.Assesment1.TestScenarios.Scenario3_VerifyFilters">
    <failure type="java.lang.AssertionError" message="Test Scenario failed at Step --&gt;&#039; User verifies all the Poducts for keyword &#039;bikerJack&#039;  &#039;. Error is: java.lang.Exception: Following Products are present on the page without keyword &#039;bikerJack&#039; : [ARMA Isabella leren jack met doorgestikte details en inzet van jersey, ARMA Lamb Caprito Tarina jas van lamsleer met kabelgebreide kraag]">
      <![CDATA[java.lang.AssertionError: Test Scenario failed at Step -->' User verifies all the Poducts for keyword 'bikerJack'  '. Error is: java.lang.Exception: Following Products are present on the page without keyword 'bikerJack' : [ARMA Isabella leren jack met doorgestikte details en inzet van jersey, ARMA Lamb Caprito Tarina jas van lamsleer met kabelgebreide kraag]
	at org.testng.Assert.fail(Assert.java:94)
	at com.Assesment1.TestScenarios.Scenario3_VerifyFilters.Scenario3(Scenario3_VerifyFilters.java:119)
	at sun.reflect.NativeMethodAccessorImpl.invoke0(Native Method)
	at sun.reflect.NativeMethodAccessorImpl.invoke(NativeMethodAccessorImpl.java:62)
	at sun.reflect.DelegatingMethodAccessorImpl.invoke(DelegatingMethodAccessorImpl.java:43)
	at java.lang.reflect.Method.invoke(Method.java:498)
	at org.testng.internal.MethodInvocationHelper.invokeMethod(MethodInvocationHelper.java:85)
	at org.testng.internal.Invoker.invokeMethod(Invoker.java:663)
	at org.testng.internal.Invoker.invokeTestMethod(Invoker.java:849)
	at org.testng.internal.Invoker.invokeTestMethods(Invoker.java:1157)
	at org.testng.internal.TestMethodWorker.invokeTestMethods(TestMethodWorker.java:124)
	at org.testng.internal.TestMethodWorker.run(TestMethodWorker.java:108)
	at java.util.concurrent.ThreadPoolExecutor.runWorker(ThreadPoolExecutor.java:1149)
	at java.util.concurrent.ThreadPoolExecutor$Worker.run(ThreadPoolExecutor.java:624)
	at java.lang.Thread.run(Thread.java:748)
]]>
    </failure>
  </testcase> <!-- Scenario3 -->
</testsuite> <!-- com.Assesment1.TestScenarios.Scenario3_VerifyFilters -->
